Determining if the pthread_create exist failed with the following output:
Change Dir: /home/student/LJ2_P4_ROS_Groep1/universal_robots_ws/build/robotiq_3f_gripper_articulated_msgs/CMakeFiles/CMakeTmp

Run Build Command:"/usr/bin/make" "cmTC_365b0/fast"
/usr/bin/make -f CMakeFiles/cmTC_365b0.dir/build.make CMakeFiles/cmTC_365b0.dir/build
make[1]: Entering directory '/home/student/LJ2_P4_ROS_Groep1/universal_robots_ws/build/robotiq_3f_gripper_articulated_msgs/CMakeFiles/CMakeTmp'
Building C object CMakeFiles/cmTC_365b0.dir/CheckSymbolExists.c.o
/usr/bin/cc    -o CMakeFiles/cmTC_365b0.dir/CheckSymbolExists.c.o   -c /home/student/LJ2_P4_ROS_Groep1/universal_robots_ws/build/robotiq_3f_gripper_articulated_msgs/CMakeFiles/CMakeTmp/CheckSymbolExists.c
Linking C executable cmTC_365b0
/usr/bin/cmake -E cmake_link_script CMakeFiles/cmTC_365b0.dir/link.txt --verbose=1
/usr/bin/cc      -rdynamic CMakeFiles/cmTC_365b0.dir/CheckSymbolExists.c.o  -o cmTC_365b0 
CMakeFiles/cmTC_365b0.dir/CheckSymbolExists.c.o: In function `main':
CheckSymbolExists.c:(.text+0x1b): undefined reference to `pthread_create'
collect2: error: ld returned 1 exit status
CMakeFiles/cmTC_365b0.dir/build.make:97: recipe for target 'cmTC_365b0' failed
make[1]: *** [cmTC_365b0] Error 1
make[1]: Leaving directory '/home/student/LJ2_P4_ROS_Groep1/universal_robots_ws/build/robotiq_3f_gripper_articulated_msgs/CMakeFiles/CMakeTmp'
Makefile:126: recipe for target 'cmTC_365b0/fast' failed
make: *** [cmTC_365b0/fast] Error 2

File /home/student/LJ2_P4_ROS_Groep1/universal_robots_ws/build/robotiq_3f_gripper_articulated_msgs/CMakeFiles/CMakeTmp/CheckSymbolExists.c:
/* */
#include <pthread.h>

int main(int argc, char** argv)
{
  (void)argv;
#ifndef pthread_create
  return ((int*)(&pthread_create))[argc];
#else
  (void)argc;
  return 0;
#endif
}

Determining if the function pthread_create exists in the pthreads failed with the following output:
Change Dir: /home/student/LJ2_P4_ROS_Groep1/universal_robots_ws/build/robotiq_3f_gripper_articulated_msgs/CMakeFiles/CMakeTmp

Run Build Command:"/usr/bin/make" "cmTC_51d9d/fast"
/usr/bin/make -f CMakeFiles/cmTC_51d9d.dir/build.make CMakeFiles/cmTC_51d9d.dir/build
make[1]: Entering directory '/home/student/LJ2_P4_ROS_Groep1/universal_robots_ws/build/robotiq_3f_gripper_articulated_msgs/CMakeFiles/CMakeTmp'
Building C object CMakeFiles/cmTC_51d9d.dir/CheckFunctionExists.c.o
/usr/bin/cc   -DCHECK_FUNCTION_EXISTS=pthread_create   -o CMakeFiles/cmTC_51d9d.dir/CheckFunctionExists.c.o   -c /usr/share/cmake-3.10/Modules/CheckFunctionExists.c
Linking C executable cmTC_51d9d
/usr/bin/cmake -E cmake_link_script CMakeFiles/cmTC_51d9d.dir/link.txt --verbose=1
/usr/bin/cc  -DCHECK_FUNCTION_EXISTS=pthread_create    -rdynamic CMakeFiles/cmTC_51d9d.dir/CheckFunctionExists.c.o  -o cmTC_51d9d -lpthreads 
/usr/bin/ld: cannot find -lpthreads
collect2: error: ld returned 1 exit status
CMakeFiles/cmTC_51d9d.dir/build.make:97: recipe for target 'cmTC_51d9d' failed
make[1]: *** [cmTC_51d9d] Error 1
make[1]: Leaving directory '/home/student/LJ2_P4_ROS_Groep1/universal_robots_ws/build/robotiq_3f_gripper_articulated_msgs/CMakeFiles/CMakeTmp'
Makefile:126: recipe for target 'cmTC_51d9d/fast' failed
make: *** [cmTC_51d9d/fast] Error 2


