Determining if the pthread_create exist failed with the following output:
Change Dir: /home/student/LJ2_P4_ROS_Groep1/universal_robots_ws/build/my_ur5e_moveit_config/CMakeFiles/CMakeTmp

Run Build Command:"/usr/bin/make" "cmTC_59ac0/fast"
/usr/bin/make -f CMakeFiles/cmTC_59ac0.dir/build.make CMakeFiles/cmTC_59ac0.dir/build
make[1]: Entering directory '/home/student/LJ2_P4_ROS_Groep1/universal_robots_ws/build/my_ur5e_moveit_config/CMakeFiles/CMakeTmp'
Building C object CMakeFiles/cmTC_59ac0.dir/CheckSymbolExists.c.o
/usr/bin/cc    -o CMakeFiles/cmTC_59ac0.dir/CheckSymbolExists.c.o   -c /home/student/LJ2_P4_ROS_Groep1/universal_robots_ws/build/my_ur5e_moveit_config/CMakeFiles/CMakeTmp/CheckSymbolExists.c
Linking C executable cmTC_59ac0
/usr/bin/cmake -E cmake_link_script CMakeFiles/cmTC_59ac0.dir/link.txt --verbose=1
/usr/bin/cc      -rdynamic CMakeFiles/cmTC_59ac0.dir/CheckSymbolExists.c.o  -o cmTC_59ac0 
CMakeFiles/cmTC_59ac0.dir/CheckSymbolExists.c.o: In function `main':
CheckSymbolExists.c:(.text+0x1b): undefined reference to `pthread_create'
collect2: error: ld returned 1 exit status
CMakeFiles/cmTC_59ac0.dir/build.make:97: recipe for target 'cmTC_59ac0' failed
make[1]: *** [cmTC_59ac0] Error 1
make[1]: Leaving directory '/home/student/LJ2_P4_ROS_Groep1/universal_robots_ws/build/my_ur5e_moveit_config/CMakeFiles/CMakeTmp'
Makefile:126: recipe for target 'cmTC_59ac0/fast' failed
make: *** [cmTC_59ac0/fast] Error 2

File /home/student/LJ2_P4_ROS_Groep1/universal_robots_ws/build/my_ur5e_moveit_config/CMakeFiles/CMakeTmp/CheckSymbolExists.c:
/* */
#include <pthread.h>

int main(int argc, char** argv)
{
  (void)argv;
#ifndef pthread_create
  return ((int*)(&pthread_create))[argc];
#else
  (void)argc;
  return 0;
#endif
}

Determining if the function pthread_create exists in the pthreads failed with the following output:
Change Dir: /home/student/LJ2_P4_ROS_Groep1/universal_robots_ws/build/my_ur5e_moveit_config/CMakeFiles/CMakeTmp

Run Build Command:"/usr/bin/make" "cmTC_0261d/fast"
/usr/bin/make -f CMakeFiles/cmTC_0261d.dir/build.make CMakeFiles/cmTC_0261d.dir/build
make[1]: Entering directory '/home/student/LJ2_P4_ROS_Groep1/universal_robots_ws/build/my_ur5e_moveit_config/CMakeFiles/CMakeTmp'
Building C object CMakeFiles/cmTC_0261d.dir/CheckFunctionExists.c.o
/usr/bin/cc   -DCHECK_FUNCTION_EXISTS=pthread_create   -o CMakeFiles/cmTC_0261d.dir/CheckFunctionExists.c.o   -c /usr/share/cmake-3.10/Modules/CheckFunctionExists.c
Linking C executable cmTC_0261d
/usr/bin/cmake -E cmake_link_script CMakeFiles/cmTC_0261d.dir/link.txt --verbose=1
/usr/bin/cc  -DCHECK_FUNCTION_EXISTS=pthread_create    -rdynamic CMakeFiles/cmTC_0261d.dir/CheckFunctionExists.c.o  -o cmTC_0261d -lpthreads 
/usr/bin/ld: cannot find -lpthreads
collect2: error: ld returned 1 exit status
CMakeFiles/cmTC_0261d.dir/build.make:97: recipe for target 'cmTC_0261d' failed
make[1]: *** [cmTC_0261d] Error 1
make[1]: Leaving directory '/home/student/LJ2_P4_ROS_Groep1/universal_robots_ws/build/my_ur5e_moveit_config/CMakeFiles/CMakeTmp'
Makefile:126: recipe for target 'cmTC_0261d/fast' failed
make: *** [cmTC_0261d/fast] Error 2


