Determining if the pthread_create exist failed with the following output:
Change Dir: /home/student/LJ2_P4_ROS_Groep1/universal_robots_ws/build/ur_robot_driver/CMakeFiles/CMakeTmp

Run Build Command:"/usr/bin/make" "cmTC_f1850/fast"
/usr/bin/make -f CMakeFiles/cmTC_f1850.dir/build.make CMakeFiles/cmTC_f1850.dir/build
make[1]: Entering directory '/home/student/LJ2_P4_ROS_Groep1/universal_robots_ws/build/ur_robot_driver/CMakeFiles/CMakeTmp'
Building C object CMakeFiles/cmTC_f1850.dir/CheckSymbolExists.c.o
/usr/bin/cc    -o CMakeFiles/cmTC_f1850.dir/CheckSymbolExists.c.o   -c /home/student/LJ2_P4_ROS_Groep1/universal_robots_ws/build/ur_robot_driver/CMakeFiles/CMakeTmp/CheckSymbolExists.c
Linking C executable cmTC_f1850
/usr/bin/cmake -E cmake_link_script CMakeFiles/cmTC_f1850.dir/link.txt --verbose=1
/usr/bin/cc      -rdynamic CMakeFiles/cmTC_f1850.dir/CheckSymbolExists.c.o  -o cmTC_f1850 
CMakeFiles/cmTC_f1850.dir/CheckSymbolExists.c.o: In function `main':
CheckSymbolExists.c:(.text+0x1b): undefined reference to `pthread_create'
collect2: error: ld returned 1 exit status
CMakeFiles/cmTC_f1850.dir/build.make:97: recipe for target 'cmTC_f1850' failed
make[1]: *** [cmTC_f1850] Error 1
make[1]: Leaving directory '/home/student/LJ2_P4_ROS_Groep1/universal_robots_ws/build/ur_robot_driver/CMakeFiles/CMakeTmp'
Makefile:126: recipe for target 'cmTC_f1850/fast' failed
make: *** [cmTC_f1850/fast] Error 2

File /home/student/LJ2_P4_ROS_Groep1/universal_robots_ws/build/ur_robot_driver/CMakeFiles/CMakeTmp/CheckSymbolExists.c:
/* */
#include <pthread.h>

int main(int argc, char** argv)
{
  (void)argv;
#ifndef pthread_create
  return ((int*)(&pthread_create))[argc];
#else
  (void)argc;
  return 0;
#endif
}

Determining if the function pthread_create exists in the pthreads failed with the following output:
Change Dir: /home/student/LJ2_P4_ROS_Groep1/universal_robots_ws/build/ur_robot_driver/CMakeFiles/CMakeTmp

Run Build Command:"/usr/bin/make" "cmTC_3c272/fast"
/usr/bin/make -f CMakeFiles/cmTC_3c272.dir/build.make CMakeFiles/cmTC_3c272.dir/build
make[1]: Entering directory '/home/student/LJ2_P4_ROS_Groep1/universal_robots_ws/build/ur_robot_driver/CMakeFiles/CMakeTmp'
Building C object CMakeFiles/cmTC_3c272.dir/CheckFunctionExists.c.o
/usr/bin/cc   -DCHECK_FUNCTION_EXISTS=pthread_create   -o CMakeFiles/cmTC_3c272.dir/CheckFunctionExists.c.o   -c /usr/share/cmake-3.10/Modules/CheckFunctionExists.c
Linking C executable cmTC_3c272
/usr/bin/cmake -E cmake_link_script CMakeFiles/cmTC_3c272.dir/link.txt --verbose=1
/usr/bin/cc  -DCHECK_FUNCTION_EXISTS=pthread_create    -rdynamic CMakeFiles/cmTC_3c272.dir/CheckFunctionExists.c.o  -o cmTC_3c272 -lpthreads 
/usr/bin/ld: cannot find -lpthreads
collect2: error: ld returned 1 exit status
CMakeFiles/cmTC_3c272.dir/build.make:97: recipe for target 'cmTC_3c272' failed
make[1]: *** [cmTC_3c272] Error 1
make[1]: Leaving directory '/home/student/LJ2_P4_ROS_Groep1/universal_robots_ws/build/ur_robot_driver/CMakeFiles/CMakeTmp'
Makefile:126: recipe for target 'cmTC_3c272/fast' failed
make: *** [cmTC_3c272/fast] Error 2


