Determining if the pthread_create exist failed with the following output:
Change Dir: /home/student/LJ2_P4_ROS_Groep1/universal_robots_ws/build/robotiq_3f_rviz/CMakeFiles/CMakeTmp

Run Build Command:"/usr/bin/make" "cmTC_49488/fast"
/usr/bin/make -f CMakeFiles/cmTC_49488.dir/build.make CMakeFiles/cmTC_49488.dir/build
make[1]: Entering directory '/home/student/LJ2_P4_ROS_Groep1/universal_robots_ws/build/robotiq_3f_rviz/CMakeFiles/CMakeTmp'
Building C object CMakeFiles/cmTC_49488.dir/CheckSymbolExists.c.o
/usr/bin/cc    -o CMakeFiles/cmTC_49488.dir/CheckSymbolExists.c.o   -c /home/student/LJ2_P4_ROS_Groep1/universal_robots_ws/build/robotiq_3f_rviz/CMakeFiles/CMakeTmp/CheckSymbolExists.c
Linking C executable cmTC_49488
/usr/bin/cmake -E cmake_link_script CMakeFiles/cmTC_49488.dir/link.txt --verbose=1
/usr/bin/cc      -rdynamic CMakeFiles/cmTC_49488.dir/CheckSymbolExists.c.o  -o cmTC_49488 
CMakeFiles/cmTC_49488.dir/CheckSymbolExists.c.o: In function `main':
CheckSymbolExists.c:(.text+0x1b): undefined reference to `pthread_create'
collect2: error: ld returned 1 exit status
CMakeFiles/cmTC_49488.dir/build.make:97: recipe for target 'cmTC_49488' failed
make[1]: *** [cmTC_49488] Error 1
make[1]: Leaving directory '/home/student/LJ2_P4_ROS_Groep1/universal_robots_ws/build/robotiq_3f_rviz/CMakeFiles/CMakeTmp'
Makefile:126: recipe for target 'cmTC_49488/fast' failed
make: *** [cmTC_49488/fast] Error 2

File /home/student/LJ2_P4_ROS_Groep1/universal_robots_ws/build/robotiq_3f_rviz/CMakeFiles/CMakeTmp/CheckSymbolExists.c:
/* */
#include <pthread.h>

int main(int argc, char** argv)
{
  (void)argv;
#ifndef pthread_create
  return ((int*)(&pthread_create))[argc];
#else
  (void)argc;
  return 0;
#endif
}

Determining if the function pthread_create exists in the pthreads failed with the following output:
Change Dir: /home/student/LJ2_P4_ROS_Groep1/universal_robots_ws/build/robotiq_3f_rviz/CMakeFiles/CMakeTmp

Run Build Command:"/usr/bin/make" "cmTC_21e70/fast"
/usr/bin/make -f CMakeFiles/cmTC_21e70.dir/build.make CMakeFiles/cmTC_21e70.dir/build
make[1]: Entering directory '/home/student/LJ2_P4_ROS_Groep1/universal_robots_ws/build/robotiq_3f_rviz/CMakeFiles/CMakeTmp'
Building C object CMakeFiles/cmTC_21e70.dir/CheckFunctionExists.c.o
/usr/bin/cc   -DCHECK_FUNCTION_EXISTS=pthread_create   -o CMakeFiles/cmTC_21e70.dir/CheckFunctionExists.c.o   -c /usr/share/cmake-3.10/Modules/CheckFunctionExists.c
Linking C executable cmTC_21e70
/usr/bin/cmake -E cmake_link_script CMakeFiles/cmTC_21e70.dir/link.txt --verbose=1
/usr/bin/cc  -DCHECK_FUNCTION_EXISTS=pthread_create    -rdynamic CMakeFiles/cmTC_21e70.dir/CheckFunctionExists.c.o  -o cmTC_21e70 -lpthreads 
/usr/bin/ld: cannot find -lpthreads
collect2: error: ld returned 1 exit status
CMakeFiles/cmTC_21e70.dir/build.make:97: recipe for target 'cmTC_21e70' failed
make[1]: *** [cmTC_21e70] Error 1
make[1]: Leaving directory '/home/student/LJ2_P4_ROS_Groep1/universal_robots_ws/build/robotiq_3f_rviz/CMakeFiles/CMakeTmp'
Makefile:126: recipe for target 'cmTC_21e70/fast' failed
make: *** [cmTC_21e70/fast] Error 2


