Determining if the pthread_create exist failed with the following output:
Change Dir: /home/student/LJ2_P4_ROS_Groep1/universal_robots_ws/build/robotiq_2f_140_gripper_visualization/CMakeFiles/CMakeTmp

Run Build Command:"/usr/bin/make" "cmTC_fb4cf/fast"
/usr/bin/make -f CMakeFiles/cmTC_fb4cf.dir/build.make CMakeFiles/cmTC_fb4cf.dir/build
make[1]: Entering directory '/home/student/LJ2_P4_ROS_Groep1/universal_robots_ws/build/robotiq_2f_140_gripper_visualization/CMakeFiles/CMakeTmp'
Building C object CMakeFiles/cmTC_fb4cf.dir/CheckSymbolExists.c.o
/usr/bin/cc    -o CMakeFiles/cmTC_fb4cf.dir/CheckSymbolExists.c.o   -c /home/student/LJ2_P4_ROS_Groep1/universal_robots_ws/build/robotiq_2f_140_gripper_visualization/CMakeFiles/CMakeTmp/CheckSymbolExists.c
Linking C executable cmTC_fb4cf
/usr/bin/cmake -E cmake_link_script CMakeFiles/cmTC_fb4cf.dir/link.txt --verbose=1
/usr/bin/cc      -rdynamic CMakeFiles/cmTC_fb4cf.dir/CheckSymbolExists.c.o  -o cmTC_fb4cf 
CMakeFiles/cmTC_fb4cf.dir/CheckSymbolExists.c.o: In function `main':
CheckSymbolExists.c:(.text+0x1b): undefined reference to `pthread_create'
collect2: error: ld returned 1 exit status
CMakeFiles/cmTC_fb4cf.dir/build.make:97: recipe for target 'cmTC_fb4cf' failed
make[1]: *** [cmTC_fb4cf] Error 1
make[1]: Leaving directory '/home/student/LJ2_P4_ROS_Groep1/universal_robots_ws/build/robotiq_2f_140_gripper_visualization/CMakeFiles/CMakeTmp'
Makefile:126: recipe for target 'cmTC_fb4cf/fast' failed
make: *** [cmTC_fb4cf/fast] Error 2

File /home/student/LJ2_P4_ROS_Groep1/universal_robots_ws/build/robotiq_2f_140_gripper_visualization/CMakeFiles/CMakeTmp/CheckSymbolExists.c:
/* */
#include <pthread.h>

int main(int argc, char** argv)
{
  (void)argv;
#ifndef pthread_create
  return ((int*)(&pthread_create))[argc];
#else
  (void)argc;
  return 0;
#endif
}

Determining if the function pthread_create exists in the pthreads failed with the following output:
Change Dir: /home/student/LJ2_P4_ROS_Groep1/universal_robots_ws/build/robotiq_2f_140_gripper_visualization/CMakeFiles/CMakeTmp

Run Build Command:"/usr/bin/make" "cmTC_9e33d/fast"
/usr/bin/make -f CMakeFiles/cmTC_9e33d.dir/build.make CMakeFiles/cmTC_9e33d.dir/build
make[1]: Entering directory '/home/student/LJ2_P4_ROS_Groep1/universal_robots_ws/build/robotiq_2f_140_gripper_visualization/CMakeFiles/CMakeTmp'
Building C object CMakeFiles/cmTC_9e33d.dir/CheckFunctionExists.c.o
/usr/bin/cc   -DCHECK_FUNCTION_EXISTS=pthread_create   -o CMakeFiles/cmTC_9e33d.dir/CheckFunctionExists.c.o   -c /usr/share/cmake-3.10/Modules/CheckFunctionExists.c
Linking C executable cmTC_9e33d
/usr/bin/cmake -E cmake_link_script CMakeFiles/cmTC_9e33d.dir/link.txt --verbose=1
/usr/bin/cc  -DCHECK_FUNCTION_EXISTS=pthread_create    -rdynamic CMakeFiles/cmTC_9e33d.dir/CheckFunctionExists.c.o  -o cmTC_9e33d -lpthreads 
/usr/bin/ld: cannot find -lpthreads
collect2: error: ld returned 1 exit status
CMakeFiles/cmTC_9e33d.dir/build.make:97: recipe for target 'cmTC_9e33d' failed
make[1]: *** [cmTC_9e33d] Error 1
make[1]: Leaving directory '/home/student/LJ2_P4_ROS_Groep1/universal_robots_ws/build/robotiq_2f_140_gripper_visualization/CMakeFiles/CMakeTmp'
Makefile:126: recipe for target 'cmTC_9e33d/fast' failed
make: *** [cmTC_9e33d/fast] Error 2


