Determining if the pthread_create exist failed with the following output:
Change Dir: /home/student/LJ2_P4_ROS_Groep1/universal_robots_ws/build/ur3e_moveit_config/CMakeFiles/CMakeTmp

Run Build Command:"/usr/bin/make" "cmTC_2c154/fast"
/usr/bin/make -f CMakeFiles/cmTC_2c154.dir/build.make CMakeFiles/cmTC_2c154.dir/build
make[1]: Entering directory '/home/student/LJ2_P4_ROS_Groep1/universal_robots_ws/build/ur3e_moveit_config/CMakeFiles/CMakeTmp'
Building C object CMakeFiles/cmTC_2c154.dir/CheckSymbolExists.c.o
/usr/bin/cc    -o CMakeFiles/cmTC_2c154.dir/CheckSymbolExists.c.o   -c /home/student/LJ2_P4_ROS_Groep1/universal_robots_ws/build/ur3e_moveit_config/CMakeFiles/CMakeTmp/CheckSymbolExists.c
Linking C executable cmTC_2c154
/usr/bin/cmake -E cmake_link_script CMakeFiles/cmTC_2c154.dir/link.txt --verbose=1
/usr/bin/cc      -rdynamic CMakeFiles/cmTC_2c154.dir/CheckSymbolExists.c.o  -o cmTC_2c154 
CMakeFiles/cmTC_2c154.dir/CheckSymbolExists.c.o: In function `main':
CheckSymbolExists.c:(.text+0x1b): undefined reference to `pthread_create'
collect2: error: ld returned 1 exit status
CMakeFiles/cmTC_2c154.dir/build.make:97: recipe for target 'cmTC_2c154' failed
make[1]: *** [cmTC_2c154] Error 1
make[1]: Leaving directory '/home/student/LJ2_P4_ROS_Groep1/universal_robots_ws/build/ur3e_moveit_config/CMakeFiles/CMakeTmp'
Makefile:126: recipe for target 'cmTC_2c154/fast' failed
make: *** [cmTC_2c154/fast] Error 2

File /home/student/LJ2_P4_ROS_Groep1/universal_robots_ws/build/ur3e_moveit_config/CMakeFiles/CMakeTmp/CheckSymbolExists.c:
/* */
#include <pthread.h>

int main(int argc, char** argv)
{
  (void)argv;
#ifndef pthread_create
  return ((int*)(&pthread_create))[argc];
#else
  (void)argc;
  return 0;
#endif
}

Determining if the function pthread_create exists in the pthreads failed with the following output:
Change Dir: /home/student/LJ2_P4_ROS_Groep1/universal_robots_ws/build/ur3e_moveit_config/CMakeFiles/CMakeTmp

Run Build Command:"/usr/bin/make" "cmTC_aff77/fast"
/usr/bin/make -f CMakeFiles/cmTC_aff77.dir/build.make CMakeFiles/cmTC_aff77.dir/build
make[1]: Entering directory '/home/student/LJ2_P4_ROS_Groep1/universal_robots_ws/build/ur3e_moveit_config/CMakeFiles/CMakeTmp'
Building C object CMakeFiles/cmTC_aff77.dir/CheckFunctionExists.c.o
/usr/bin/cc   -DCHECK_FUNCTION_EXISTS=pthread_create   -o CMakeFiles/cmTC_aff77.dir/CheckFunctionExists.c.o   -c /usr/share/cmake-3.10/Modules/CheckFunctionExists.c
Linking C executable cmTC_aff77
/usr/bin/cmake -E cmake_link_script CMakeFiles/cmTC_aff77.dir/link.txt --verbose=1
/usr/bin/cc  -DCHECK_FUNCTION_EXISTS=pthread_create    -rdynamic CMakeFiles/cmTC_aff77.dir/CheckFunctionExists.c.o  -o cmTC_aff77 -lpthreads 
/usr/bin/ld: cannot find -lpthreads
collect2: error: ld returned 1 exit status
CMakeFiles/cmTC_aff77.dir/build.make:97: recipe for target 'cmTC_aff77' failed
make[1]: *** [cmTC_aff77] Error 1
make[1]: Leaving directory '/home/student/LJ2_P4_ROS_Groep1/universal_robots_ws/build/ur3e_moveit_config/CMakeFiles/CMakeTmp'
Makefile:126: recipe for target 'cmTC_aff77/fast' failed
make: *** [cmTC_aff77/fast] Error 2


